Started by user [8mha:////4Os3Qum0k+v+iwxPaVjsTCgaIyY3nj4o66pD3+L3infTAAAAlx+LCAAAAAAAAP9b85aBtbiIQTGjNKU4P08vOT+vOD8nVc83PyU1x6OyILUoJzMv2y+/JJUBAhiZGBgqihhk0NSjKDWzXb3RdlLBUSYGJk8GtpzUvPSSDB8G5tKinBIGIZ+sxLJE/ZzEvHT94JKizLx0a6BxUmjGOUNodHsLgAzWEgZu/dLi1CL9gsS8lEQACjKVYMAAAAA=[0mpanda
Running as SYSTEM
Building remotely on [8mha:////4HmGzG8lNFyk4x0fjfgJSIZfm9of0EIbeMpiC0zMXBXoAAAAmx+LCAAAAAAAAP9b85aBtbiIQTGjNKU4P08vOT+vOD8nVc83PyU1x6OyILUoJzMv2y+/JJUBAhiZGBgqihhk0NSjKDWzXb3RdlLBUSYGJk8GtpzUvPSSDB8G5tKinBIGIZ+sxLJE/ZzEvHT94JKizLx0a6BxUmjGOUNodHsLgAzWEgZ+/eT83ILSktQi/eCcxLJUAE32xgfEAAAA[0mSlave (dockerslave) in workspace /home/workspace/Maven
using credential github
Cloning the remote Git repository
Cloning repository https://github.com/Eternaltraces/PandaApp.git
 > git init /home/workspace/Maven # timeout=10
Fetching upstream changes from https://github.com/Eternaltraces/PandaApp.git
 > git --version # timeout=10
using GIT_ASKPASS to set credentials githubpass
 > git fetch --tags --progress -- https://github.com/Eternaltraces/PandaApp.git +refs/heads/*:refs/remotes/origin/* # timeout=10
 > git config remote.origin.url https://github.com/Eternaltraces/PandaApp.git # timeout=10
 > git config --add remote.origin.fetch +refs/heads/*:refs/remotes/origin/* # timeout=10
 > git config remote.origin.url https://github.com/Eternaltraces/PandaApp.git # timeout=10
Fetching upstream changes from https://github.com/Eternaltraces/PandaApp.git
using GIT_ASKPASS to set credentials githubpass
 > git fetch --tags --progress -- https://github.com/Eternaltraces/PandaApp.git +refs/heads/*:refs/remotes/origin/* # timeout=10
 > git rev-parse refs/remotes/origin/dev^{commit} # timeout=10
 > git rev-parse refs/remotes/origin/origin/dev^{commit} # timeout=10
Checking out Revision 94b19c6c33757aeb4d1802d0d7437e483b1b41df (refs/remotes/origin/dev)
 > git config core.sparsecheckout # timeout=10
 > git checkout -f 94b19c6c33757aeb4d1802d0d7437e483b1b41df # timeout=10
Commit message: "finishing release 1.0.0"
First time build. Skipping changelog.
[Maven] $ mvn mvn install
[[1;34mINFO[m] Scanning for projects...
Downloading from central: https://repo.maven.apache.org/maven2/org/springframework/boot/spring-boot-starter-parent/2.2.5.RELEASE/spring-boot-starter-parent-2.2.5.RELEASE.pom
Progress (1): 2.3/8.1 kBProgress (1): 5.0/8.1 kBProgress (1): 7.8/8.1 kBProgress (1): 8.1 kB                        Downloaded from central: https://repo.maven.apache.org/maven2/org/springframework/boot/spring-boot-starter-parent/2.2.5.RELEASE/spring-boot-starter-parent-2.2.5.RELEASE.pom (8.1 kB at 12 kB/s)
Downloading from central: https://repo.maven.apache.org/maven2/org/springframework/boot/spring-boot-dependencies/2.2.5.RELEASE/spring-boot-dependencies-2.2.5.RELEASE.pom
Progress (1): 2.3/127 kBProgress (1): 5.0/127 kBProgress (1): 7.8/127 kBProgress (1): 11/127 kB Progress (1): 13/127 kBProgress (1): 16/127 kBProgress (1): 19/127 kBProgress (1): 21/127 kBProgress (1): 24/127 kBProgress (1): 27/127 kBProgress (1): 30/127 kBProgress (1): 32/127 kBProgress (1): 36/127 kBProgress (1): 40/127 kBProgress (1): 45/127 kBProgress (1): 49/127 kBProgress (1): 53/127 kBProgress (1): 57/127 kBProgress (1): 61/127 kBProgress (1): 65/127 kBProgress (1): 69/127 kBProgress (1): 73/127 kBProgress (1): 77/127 kBProgress (1): 81/127 kBProgress (1): 86/127 kBProgress (1): 90/127 kBProgress (1): 94/127 kBProgress (1): 98/127 kBProgress (1): 102/127 kBProgress (1): 106/127 kBProgress (1): 110/127 kBProgress (1): 114/127 kBProgress (1): 118/127 kBProgress (1): 122/127 kBProgress (1): 126/127 kBProgress (1): 127 kB                        Downloaded from central: https://repo.maven.apache.org/maven2/org/springframework/boot/spring-boot-dependencies/2.2.5.RELEASE/spring-boot-dependencies-2.2.5.RELEASE.pom (127 kB at 1.2 MB/s)
Downloading from central: https://repo.maven.apache.org/maven2/com/fasterxml/jackson/jackson-bom/2.10.2.20200130/jackson-bom-2.10.2.20200130.pom
Progress (1): 4.1/13 kBProgress (1): 7.7/13 kBProgress (1): 12/13 kB Progress (1): 13 kB                      Downloaded from central: https://repo.maven.apache.org/maven2/com/fasterxml/jackson/jackson-bom/2.10.2.20200130/jackson-bom-2.10.2.20200130.pom (13 kB at 223 kB/s)
Downloading from central: https://repo.maven.apache.org/maven2/com/fasterxml/jackson/jackson-parent/2.10/jackson-parent-2.10.pom
Progress (1): 4.1/8.3 kBProgress (1): 7.7/8.3 kBProgress (1): 8.3 kB                        Downloaded from central: https://repo.maven.apache.org/maven2/com/fasterxml/jackson/jackson-parent/2.10/jackson-parent-2.10.pom (8.3 kB at 133 kB/s)
Downloading from central: https://repo.maven.apache.org/maven2/com/fasterxml/oss-parent/38/oss-parent-38.pom
Progress (1): 4.1/23 kBProgress (1): 7.7/23 kBProgress (1): 12/23 kB Progress (1): 16/23 kBProgress (1): 20/23 kBProgress (1): 23 kB                      Downloaded from central: https://repo.maven.apache.org/maven2/com/fasterxml/oss-parent/38/oss-parent-38.pom (23 kB at 372 kB/s)
Downloading from central: https://repo.maven.apache.org/maven2/io/micrometer/micrometer-bom/1.3.5/micrometer-bom-1.3.5.pom
Progress (1): 2.3/6.6 kBProgress (1): 5.0/6.6 kBProgress (1): 6.6 kB                        Downloaded from central: https://repo.maven.apache.org/maven2/io/micrometer/micrometer-bom/1.3.5/micrometer-bom-1.3.5.pom (6.6 kB at 125 kB/s)
Downloading from central: https://repo.maven.apache.org/maven2/io/netty/netty-bom/4.1.45.Final/netty-bom-4.1.45.Final.pom
Progress (1): 2.2/7.9 kBProgress (1): 5.0/7.9 kBProgress (1): 7.8/7.9 kBProgress (1): 7.9 kB                        Downloaded from central: https://repo.maven.apache.org/maven2/io/netty/netty-bom/4.1.45.Final/netty-bom-4.1.45.Final.pom (7.9 kB at 139 kB/s)
Downloading from central: https://repo.maven.apache.org/maven2/org/sonatype/oss/oss-parent/7/oss-parent-7.pom
Progress (1): 2.2/4.8 kBProgress (1): 4.8 kB                        Downloaded from central: https://repo.maven.apache.org/maven2/org/sonatype/oss/oss-parent/7/oss-parent-7.pom (4.8 kB at 95 kB/s)
Downloading from central: https://repo.maven.apache.org/maven2/io/projectreactor/reactor-bom/Dysprosium-SR5/reactor-bom-Dysprosium-SR5.pom
Progress (1): 2.3/4.1 kBProgress (1): 4.1 kB                        Downloaded from central: https://repo.maven.apache.org/maven2/io/projectreactor/reactor-bom/Dysprosium-SR5/reactor-bom-Dysprosium-SR5.pom (4.1 kB at 81 kB/s)
Downloading from central: https://repo.maven.apache.org/maven2/io/rsocket/rsocket-bom/1.0.0-RC6/rsocket-bom-1.0.0-RC6.pom
Progress (1): 2.3/3.2 kBProgress (1): 3.2 kB                        Downloaded from central: https://repo.maven.apache.org/maven2/io/rsocket/rsocket-bom/1.0.0-RC6/rsocket-bom-1.0.0-RC6.pom (3.2 kB at 62 kB/s)
Downloading from central: https://repo.maven.apache.org/maven2/org/apache/logging/log4j/log4j-bom/2.12.1/log4j-bom-2.12.1.pom
Progress (1): 2.2/7.2 kBProgress (1): 5.0/7.2 kBProgress (1): 7.2 kB                        Downloaded from central: https://repo.maven.apache.org/maven2/org/apache/logging/log4j/log4j-bom/2.12.1/log4j-bom-2.12.1.pom (7.2 kB at 147 kB/s)
Downloading from central: https://repo.maven.apache.org/maven2/org/apache/logging/logging-parent/1/logging-parent-1.pom
Progress (1): 2.2/3.2 kBProgress (1): 3.2 kB                        Downloaded from central: https://repo.maven.apache.org/maven2/org/apache/logging/logging-parent/1/logging-parent-1.pom (3.2 kB at 66 kB/s)
Downloading from central: https://repo.maven.apache.org/maven2/org/apache/apache/18/apache-18.pom
Progress (1): 2.2/16 kBProgress (1): 5.0/16 kBProgress (1): 7.8/16 kBProgress (1): 11/16 kB Progress (1): 13/16 kBProgress (1): 16 kB                      Downloaded from central: https://repo.maven.apache.org/maven2/org/apache/apache/18/apache-18.pom (16 kB at 230 kB/s)
Downloading from central: https://repo.maven.apache.org/maven2/org/eclipse/jetty/jetty-bom/9.4.26.v20200117/jetty-bom-9.4.26.v20200117.pom
Progress (1): 2.2/17 kBProgress (1): 5.0/17 kBProgress (1): 7.8/17 kBProgress (1): 11/17 kB Progress (1): 13/17 kBProgress (1): 16/17 kBProgress (1): 17 kB                      Downloaded from central: https://repo.maven.apache.org/maven2/org/eclipse/jetty/jetty-bom/9.4.26.v20200117/jetty-bom-9.4.26.v20200117.pom (17 kB at 386 kB/s)
Downloading from central: https://repo.maven.apache.org/maven2/org/glassfish/jersey/jersey-bom/2.29.1/jersey-bom-2.29.1.pom
Progress (1): 2.2/19 kBProgress (1): 5.0/19 kBProgress (1): 7.8/19 kBProgress (1): 11/19 kB Progress (1): 13/19 kBProgress (1): 16/19 kBProgress (1): 19/19 kBProgress (1): 19 kB                      Downloaded from central: https://repo.maven.apache.org/maven2/org/glassfish/jersey/jersey-bom/2.29.1/jersey-bom-2.29.1.pom (19 kB at 371 kB/s)
Downloading from central: https://repo.maven.apache.org/maven2/org/eclipse/ee4j/project/1.0.5/project-1.0.5.pom
Progress (1): 2.3/13 kBProgress (1): 5.0/13 kBProgress (1): 7.8/13 kBProgress (1): 11/13 kB Progress (1): 13 kB                      Downloaded from central: https://repo.maven.apache.org/maven2/org/eclipse/ee4j/project/1.0.5/project-1.0.5.pom (13 kB at 258 kB/s)
Downloading from central: https://repo.maven.apache.org/maven2/org/jetbrains/kotlin/kotlin-bom/1.3.61/kotlin-bom-1.3.61.pom
Progress (1): 2.2/8.8 kBProgress (1): 5.0/8.8 kBProgress (1): 7.8/8.8 kBProgress (1): 8.8 kB                        Downloaded from central: https://repo.maven.apache.org/maven2/org/jetbrains/kotlin/kotlin-bom/1.3.61/kotlin-bom-1.3.61.pom (8.8 kB at 154 kB/s)
Downloading from central: https://repo.maven.apache.org/maven2/org/jetbrains/kotlinx/kotlinx-coroutines-bom/1.3.3/kotlinx-coroutines-bom-1.3.3.pom
Progress (1): 2.2/5.0 kBProgress (1): 5.0 kB                        Downloaded from central: https://repo.maven.apache.org/maven2/org/jetbrains/kotlinx/kotlinx-coroutines-bom/1.3.3/kotlinx-coroutines-bom-1.3.3.pom (5.0 kB at 94 kB/s)
Downloading from central: https://repo.maven.apache.org/maven2/org/junit/junit-bom/5.5.2/junit-bom-5.5.2.pom
Progress (1): 2.2/4.4 kBProgress (1): 4.4 kB                        Downloaded from central: https://repo.maven.apache.org/maven2/org/junit/junit-bom/5.5.2/junit-bom-5.5.2.pom (4.4 kB at 87 kB/s)
Downloading from central: https://repo.maven.apache.org/maven2/org/springframework/spring-framework-bom/5.2.4.RELEASE/spring-framework-bom-5.2.4.RELEASE.pom
Progress (1): 2.2/5.3 kBProgress (1): 5.0/5.3 kBProgress (1): 5.3 kB                        Downloaded from central: https://repo.maven.apache.org/maven2/org/springframework/spring-framework-bom/5.2.4.RELEASE/spring-framework-bom-5.2.4.RELEASE.pom (5.3 kB at 87 kB/s)
Downloading from central: https://repo.maven.apache.org/maven2/org/springframework/data/spring-data-releasetrain/Moore-SR5/spring-data-releasetrain-Moore-SR5.pom
Progress (1): 2.3/4.8 kBProgress (1): 4.8 kB                        Downloaded from central: https://repo.maven.apache.org/maven2/org/springframework/data/spring-data-releasetrain/Moore-SR5/spring-data-releasetrain-Moore-SR5.pom (4.8 kB at 105 kB/s)
Downloading from central: https://repo.maven.apache.org/maven2/org/springframework/data/build/spring-data-build/2.2.5.RELEASE/spring-data-build-2.2.5.RELEASE.pom
Progress (1): 2.3/7.1 kBProgress (1): 5.0/7.1 kBProgress (1): 7.1 kB                        Downloaded from central: https://repo.maven.apache.org/maven2/org/springframework/data/build/spring-data-build/2.2.5.RELEASE/spring-data-build-2.2.5.RELEASE.pom (7.1 kB at 122 kB/s)
Downloading from central: https://repo.maven.apache.org/maven2/org/springframework/integration/spring-integration-bom/5.2.4.RELEASE/spring-integration-bom-5.2.4.RELEASE.pom
Progress (1): 2.3/9.0 kBProgress (1): 5.0/9.0 kBProgress (1): 7.8/9.0 kBProgress (1): 9.0 kB                        Downloaded from central: https://repo.maven.apache.org/maven2/org/springframework/integration/spring-integration-bom/5.2.4.RELEASE/spring-integration-bom-5.2.4.RELEASE.pom (9.0 kB at 157 kB/s)
Downloading from central: https://repo.maven.apache.org/maven2/org/springframework/security/spring-security-bom/5.2.2.RELEASE/spring-security-bom-5.2.2.RELEASE.pom
Progress (1): 2.3/5.4 kBProgress (1): 5.0/5.4 kBProgress (1): 5.4 kB                        Downloaded from central: https://repo.maven.apache.org/maven2/org/springframework/security/spring-security-bom/5.2.2.RELEASE/spring-security-bom-5.2.2.RELEASE.pom (5.4 kB at 102 kB/s)
Downloading from central: https://repo.maven.apache.org/maven2/org/springframework/session/spring-session-bom/Corn-SR1/spring-session-bom-Corn-SR1.pom
Progress (1): 2.3/2.8 kBProgress (1): 2.8 kB                        Downloaded from central: https://repo.maven.apache.org/maven2/org/springframework/session/spring-session-bom/Corn-SR1/spring-session-bom-Corn-SR1.pom (2.8 kB at 53 kB/s)
[[1;34mINFO[m] 
[[1;34mINFO[m] [1m--------------------< [0;36mpl.pandait:PandaApplication[0;1m >---------------------[m
[[1;34mINFO[m] [1mBuilding PandaApplication 1.0.0[m
[[1;34mINFO[m] [1m--------------------------------[ jar ]---------------------------------[m
[[1;34mINFO[m] [1m------------------------------------------------------------------------[m
[[1;34mINFO[m] [1;31mBUILD FAILURE[m
[[1;34mINFO[m] [1m------------------------------------------------------------------------[m
[[1;34mINFO[m] Total time:  2.685 s
[[1;34mINFO[m] Finished at: 2020-03-23T19:00:36Z
[[1;34mINFO[m] [1m------------------------------------------------------------------------[m
[[1;31mERROR[m] Unknown lifecycle phase "mvn". You must specify a valid lifecycle phase or a goal in the format <plugin-prefix>:<goal> or <plugin-group-id>:<plugin-artifact-id>[:<plugin-version>]:<goal>. Available lifecycle phases are: validate, initialize, generate-sources, process-sources, generate-resources, process-resources, compile, process-classes, generate-test-sources, process-test-sources, generate-test-resources, process-test-resources, test-compile, process-test-classes, test, prepare-package, package, pre-integration-test, integration-test, post-integration-test, verify, install, deploy, pre-clean, clean, post-clean, pre-site, site, post-site, site-deploy. -> [1m[Help 1][m
[[1;31mERROR[m] 
[[1;31mERROR[m] To see the full stack trace of the errors, re-run Maven with the [1m-e[m switch.
[[1;31mERROR[m] Re-run Maven using the [1m-X[m switch to enable full debug logging.
[[1;31mERROR[m] 
[[1;31mERROR[m] For more information about the errors and possible solutions, please read the following articles:
[[1;31mERROR[m] [1m[Help 1][m http://cwiki.apache.org/confluence/display/MAVEN/LifecyclePhaseNotFoundException
Build step 'Invoke top-level Maven targets' marked build as failure
Finished: FAILURE
